12-Jan-2025 17:11:04.793 INFORMACIÓN [main] org.apache.catalina.startup.VersionLoggerListener.log Nombre de la versión del servidor: Apache Tomcat/9.0.98
12-Jan-2025 17:11:04.793 INFORMACIÓN [main] org.apache.catalina.startup.VersionLoggerListener.log Server built:                      Dec 5 2024 19:50:29 UTC
12-Jan-2025 17:11:04.793 INFORMACIÓN [main] org.apache.catalina.startup.VersionLoggerListener.log Número de versión de servidor:     9.0.98.0
12-Jan-2025 17:11:04.793 INFORMACIÓN [main] org.apache.catalina.startup.VersionLoggerListener.log OS Name:                           Windows 11
12-Jan-2025 17:11:04.793 INFORMACIÓN [main] org.apache.catalina.startup.VersionLoggerListener.log Versión de Systema Operativo:      10.0
12-Jan-2025 17:11:04.793 INFORMACIÓN [main] org.apache.catalina.startup.VersionLoggerListener.log Arquitectura:                      x86
12-Jan-2025 17:11:04.793 INFORMACIÓN [main] org.apache.catalina.startup.VersionLoggerListener.log Java Home:                         C:\java\jdk8\jre
12-Jan-2025 17:11:04.793 INFORMACIÓN [main] org.apache.catalina.startup.VersionLoggerListener.log JVM Version:                       1.8.0_401-b10
12-Jan-2025 17:11:04.793 INFORMACIÓN [main] org.apache.catalina.startup.VersionLoggerListener.log Vededor JVM:                       Oracle Corporation
12-Jan-2025 17:11:04.793 INFORMACIÓN [main] org.apache.catalina.startup.VersionLoggerListener.log CATALINA_BASE:                     C:\apache\tomcat\catalina_bases\tomcat_9_catalina_base_configuration_10
12-Jan-2025 17:11:04.793 INFORMACIÓN [main] org.apache.catalina.startup.VersionLoggerListener.log CATALINA_HOME:                     C:\apache\tomcat\apache-tomcat-9.0.98
12-Jan-2025 17:11:04.793 INFORMACIÓN [main] org.apache.catalina.startup.VersionLoggerListener.log Command line argument:             -Djava.util.logging.config.file=C:\apache\tomcat\catalina_bases\tomcat_9_catalina_base_configuration_10\conf\logging.properties
12-Jan-2025 17:11:04.793 INFORMACIÓN [main] org.apache.catalina.startup.VersionLoggerListener.log Command line argument:             -Djava.util.logging.manager=org.apache.juli.ClassLoaderLogManager
12-Jan-2025 17:11:04.793 INFORMACIÓN [main] org.apache.catalina.startup.VersionLoggerListener.log Command line argument:             -Djdk.tls.ephemeralDHKeySize=2048
12-Jan-2025 17:11:04.793 INFORMACIÓN [main] org.apache.catalina.startup.VersionLoggerListener.log Command line argument:             -Djava.protocol.handler.pkgs=org.apache.catalina.webresources
12-Jan-2025 17:11:04.793 INFORMACIÓN [main] org.apache.catalina.startup.VersionLoggerListener.log Command line argument:             -Dignore.endorsed.dirs=
12-Jan-2025 17:11:04.793 INFORMACIÓN [main] org.apache.catalina.startup.VersionLoggerListener.log Command line argument:             -Dcatalina.base=C:\apache\tomcat\catalina_bases\tomcat_9_catalina_base_configuration_10
12-Jan-2025 17:11:04.793 INFORMACIÓN [main] org.apache.catalina.startup.VersionLoggerListener.log Command line argument:             -Dcatalina.home=C:\apache\tomcat\apache-tomcat-9.0.98
12-Jan-2025 17:11:04.793 INFORMACIÓN [main] org.apache.catalina.startup.VersionLoggerListener.log Command line argument:             -Djava.io.tmpdir=C:\apache\tomcat\catalina_bases\tomcat_9_catalina_base_configuration_10\temp
12-Jan-2025 17:11:04.809 INFORMACIÓN [main] org.apache.catalina.core.AprLifecycleListener.lifecycleEvent La biblioteca nativa de Apache Tomcat basada en ARP que permite un rendimiento óptimo en entornos de desarrollo no ha sido hallada en java.library.path: [C:\java\jdk8\bin;C:\Windows\Sun\Java\bin;C:\Windows\system32;C:\Windows;C:\ProgramData\Oracle\Java\javapath;C:\java\jdk8;C:\Windows\system32;C:\Windows;C:\Windows\System32\Wbem;C:\Windows\System32\WindowsPowerShell\v1.0\;C:\Windows\System32\OpenSSH\;C:\Program Files (x86)\Common Files\Oracle\Java\javapath;C:\apache\ant\apache-ant-1.10.15\bin;C:\Users\thoma\AppData\Local\Microsoft\WindowsApps;C:\java\jdk8;C:\apache\ant\apache-ant-1.10.15\bin;;.]
12-Jan-2025 17:11:05.061 INFORMACIÓN [main] org.apache.coyote.AbstractProtocol.init Inicializando el manejador de protocolo ["http-nio-8080"]

12-Jan-2025 17:11:05.092 INFORMACIÓN [main] org.apache.catalina.startup.Catalina.load Server initialization in [487] milliseconds
12-Jan-2025 17:11:05.123 INFORMACIÓN [main] org.apache.catalina.core.StandardService.startInternal Arrancando servicio [Catalina]
12-Jan-2025 17:11:05.123 INFORMACIÓN [main] org.apache.catalina.core.StandardEngine.startInternal Starting Servlet engine: [Apache Tomcat/9.0.98]
12-Jan-2025 17:11:05.422 INFORMACIÓN [main] org.apache.catalina.startup.HostConfig.deployDirectory Desplegando el directorio [C:\apache\tomcat\catalina_bases\tomcat_9_catalina_base_configuration_10\webapps\docs] de la aplicación web
12-Jan-2025 17:11:05.470 INFORMACIÓN [main] org.apache.catalina.startup.HostConfig.deployDirectory Deployment of web application directory [C:\apache\tomcat\catalina_bases\tomcat_9_catalina_base_configuration_10\webapps\docs] has finished in [48] ms
12-Jan-2025 17:11:05.470 INFORMACIÓN [main] org.apache.catalina.startup.HostConfig.deployDirectory Desplegando el directorio [C:\apache\tomcat\catalina_bases\tomcat_9_catalina_base_configuration_10\webapps\examples] de la aplicación web
12-Jan-2025 17:11:07.515 INFORMACIÓN [main] org.apache.catalina.startup.HostConfig.deployDirectory Deployment of web application directory [C:\apache\tomcat\catalina_bases\tomcat_9_catalina_base_configuration_10\webapps\examples] has finished in [2.045] ms
12-Jan-2025 17:11:07.515 INFORMACIÓN [main] org.apache.catalina.startup.HostConfig.deployDirectory Desplegando el directorio [C:\apache\tomcat\catalina_bases\tomcat_9_catalina_base_configuration_10\webapps\hello] de la aplicación web
12-Jan-2025 17:11:07.555 INFORMACIÓN [main] org.apache.catalina.startup.HostConfig.deployDirectory Deployment of web application directory [C:\apache\tomcat\catalina_bases\tomcat_9_catalina_base_configuration_10\webapps\hello] has finished in [40] ms
12-Jan-2025 17:11:07.555 INFORMACIÓN [main] org.apache.catalina.startup.HostConfig.deployDirectory Desplegando el directorio [C:\apache\tomcat\catalina_bases\tomcat_9_catalina_base_configuration_10\webapps\host-manager] de la aplicación web
12-Jan-2025 17:11:07.609 INFORMACIÓN [main] org.apache.catalina.startup.HostConfig.deployDirectory Deployment of web application directory [C:\apache\tomcat\catalina_bases\tomcat_9_catalina_base_configuration_10\webapps\host-manager] has finished in [54] ms
12-Jan-2025 17:11:07.609 INFORMACIÓN [main] org.apache.catalina.startup.HostConfig.deployDirectory Desplegando el directorio [C:\apache\tomcat\catalina_bases\tomcat_9_catalina_base_configuration_10\webapps\manager] de la aplicación web
12-Jan-2025 17:11:07.687 INFORMACIÓN [main] org.apache.catalina.startup.HostConfig.deployDirectory Deployment of web application directory [C:\apache\tomcat\catalina_bases\tomcat_9_catalina_base_configuration_10\webapps\manager] has finished in [78] ms
12-Jan-2025 17:11:07.687 INFORMACIÓN [main] org.apache.catalina.startup.HostConfig.deployDirectory Desplegando el directorio [C:\apache\tomcat\catalina_bases\tomcat_9_catalina_base_configuration_10\webapps\ROOT] de la aplicación web
12-Jan-2025 17:11:07.703 INFORMACIÓN [main] org.apache.catalina.startup.HostConfig.deployDirectory Deployment of web application directory [C:\apache\tomcat\catalina_bases\tomcat_9_catalina_base_configuration_10\webapps\ROOT] has finished in [16] ms
12-Jan-2025 17:11:07.703 INFORMACIÓN [main] org.apache.coyote.AbstractProtocol.start Starting ProtocolHandler ["http-nio-8080"]
12-Jan-2025 17:11:07.718 INFORMACIÓN [main] org.apache.catalina.startup.Catalina.start Server startup in [2629] milliseconds
12-Jan-2025 17:12:25.741 INFORMACIÓN [main] org.apache.catalina.startup.VersionLoggerListener.log Nombre de la versión del servidor: Apache Tomcat/9.0.98
12-Jan-2025 17:12:25.741 INFORMACIÓN [main] org.apache.catalina.startup.VersionLoggerListener.log Server built:                      Dec 5 2024 19:50:29 UTC
12-Jan-2025 17:12:25.741 INFORMACIÓN [main] org.apache.catalina.startup.VersionLoggerListener.log Número de versión de servidor:     9.0.98.0
12-Jan-2025 17:12:25.741 INFORMACIÓN [main] org.apache.catalina.startup.VersionLoggerListener.log OS Name:                           Windows 11
12-Jan-2025 17:12:25.741 INFORMACIÓN [main] org.apache.catalina.startup.VersionLoggerListener.log Versión de Systema Operativo:      10.0
12-Jan-2025 17:12:25.741 INFORMACIÓN [main] org.apache.catalina.startup.VersionLoggerListener.log Arquitectura:                      x86
12-Jan-2025 17:12:25.741 INFORMACIÓN [main] org.apache.catalina.startup.VersionLoggerListener.log Java Home:                         C:\java\jdk8\jre
12-Jan-2025 17:12:25.741 INFORMACIÓN [main] org.apache.catalina.startup.VersionLoggerListener.log JVM Version:                       1.8.0_401-b10
12-Jan-2025 17:12:25.741 INFORMACIÓN [main] org.apache.catalina.startup.VersionLoggerListener.log Vededor JVM:                       Oracle Corporation
12-Jan-2025 17:12:25.741 INFORMACIÓN [main] org.apache.catalina.startup.VersionLoggerListener.log CATALINA_BASE:                     C:\apache\tomcat\catalina_bases\tomcat_9_catalina_base_configuration_10
12-Jan-2025 17:12:25.750 INFORMACIÓN [main] org.apache.catalina.startup.VersionLoggerListener.log CATALINA_HOME:                     C:\apache\tomcat\apache-tomcat-9.0.98
12-Jan-2025 17:12:25.750 INFORMACIÓN [main] org.apache.catalina.startup.VersionLoggerListener.log Command line argument:             -Djava.util.logging.config.file=C:\apache\tomcat\catalina_bases\tomcat_9_catalina_base_configuration_10\conf\logging.properties
12-Jan-2025 17:12:25.750 INFORMACIÓN [main] org.apache.catalina.startup.VersionLoggerListener.log Command line argument:             -Djava.util.logging.manager=org.apache.juli.ClassLoaderLogManager
12-Jan-2025 17:12:25.750 INFORMACIÓN [main] org.apache.catalina.startup.VersionLoggerListener.log Command line argument:             -Djdk.tls.ephemeralDHKeySize=2048
12-Jan-2025 17:12:25.750 INFORMACIÓN [main] org.apache.catalina.startup.VersionLoggerListener.log Command line argument:             -Djava.protocol.handler.pkgs=org.apache.catalina.webresources
12-Jan-2025 17:12:25.750 INFORMACIÓN [main] org.apache.catalina.startup.VersionLoggerListener.log Command line argument:             -Dignore.endorsed.dirs=
12-Jan-2025 17:12:25.750 INFORMACIÓN [main] org.apache.catalina.startup.VersionLoggerListener.log Command line argument:             -Dcatalina.base=C:\apache\tomcat\catalina_bases\tomcat_9_catalina_base_configuration_10
12-Jan-2025 17:12:25.750 INFORMACIÓN [main] org.apache.catalina.startup.VersionLoggerListener.log Command line argument:             -Dcatalina.home=C:\apache\tomcat\apache-tomcat-9.0.98
12-Jan-2025 17:12:25.750 INFORMACIÓN [main] org.apache.catalina.startup.VersionLoggerListener.log Command line argument:             -Djava.io.tmpdir=C:\apache\tomcat\catalina_bases\tomcat_9_catalina_base_configuration_10\temp
12-Jan-2025 17:12:25.750 INFORMACIÓN [main] org.apache.catalina.core.AprLifecycleListener.lifecycleEvent La biblioteca nativa de Apache Tomcat basada en ARP que permite un rendimiento óptimo en entornos de desarrollo no ha sido hallada en java.library.path: [C:\java\jdk8\bin;C:\Windows\Sun\Java\bin;C:\Windows\system32;C:\Windows;C:\ProgramData\Oracle\Java\javapath;C:\java\jdk8;C:\Windows\system32;C:\Windows;C:\Windows\System32\Wbem;C:\Windows\System32\WindowsPowerShell\v1.0\;C:\Windows\System32\OpenSSH\;C:\Program Files (x86)\Common Files\Oracle\Java\javapath;C:\apache\ant\apache-ant-1.10.15\bin;C:\Users\thoma\AppData\Local\Microsoft\WindowsApps;C:\java\jdk8;C:\apache\ant\apache-ant-1.10.15\bin;;.]
12-Jan-2025 17:12:26.025 INFORMACIÓN [main] org.apache.coyote.AbstractProtocol.init Inicializando el manejador de protocolo ["http-nio-8080"]

12-Jan-2025 17:12:26.057 INFORMACIÓN [main] org.apache.catalina.startup.Catalina.load Server initialization in [488] milliseconds
12-Jan-2025 17:12:26.088 INFORMACIÓN [main] org.apache.catalina.core.StandardService.startInternal Arrancando servicio [Catalina]
12-Jan-2025 17:12:26.088 INFORMACIÓN [main] org.apache.catalina.core.StandardEngine.startInternal Starting Servlet engine: [Apache Tomcat/9.0.98]
12-Jan-2025 17:12:26.400 ADVERTENCIA [main] org.apache.catalina.util.SessionIdGeneratorBase.createSecureRandom Creation of SecureRandom instance for session ID generation using [SHA1PRNG] took [107] milliseconds.
12-Jan-2025 17:12:26.419 INFORMACIÓN [main] org.apache.catalina.startup.HostConfig.deployDirectory Desplegando el directorio [C:\apache\tomcat\catalina_bases\tomcat_9_catalina_base_configuration_10\webapps\docs] de la aplicación web
12-Jan-2025 17:12:26.435 INFORMACIÓN [main] org.apache.catalina.startup.HostConfig.deployDirectory Deployment of web application directory [C:\apache\tomcat\catalina_bases\tomcat_9_catalina_base_configuration_10\webapps\docs] has finished in [16] ms
12-Jan-2025 17:12:26.435 INFORMACIÓN [main] org.apache.catalina.startup.HostConfig.deployDirectory Desplegando el directorio [C:\apache\tomcat\catalina_bases\tomcat_9_catalina_base_configuration_10\webapps\examples] de la aplicación web
12-Jan-2025 17:12:26.688 INFORMACIÓN [main] org.apache.catalina.startup.HostConfig.deployDirectory Deployment of web application directory [C:\apache\tomcat\catalina_bases\tomcat_9_catalina_base_configuration_10\webapps\examples] has finished in [253] ms
12-Jan-2025 17:12:26.688 INFORMACIÓN [main] org.apache.catalina.startup.HostConfig.deployDirectory Desplegando el directorio [C:\apache\tomcat\catalina_bases\tomcat_9_catalina_base_configuration_10\webapps\host-manager] de la aplicación web
12-Jan-2025 17:12:26.703 INFORMACIÓN [main] org.apache.catalina.startup.HostConfig.deployDirectory Deployment of web application directory [C:\apache\tomcat\catalina_bases\tomcat_9_catalina_base_configuration_10\webapps\host-manager] has finished in [15] ms
12-Jan-2025 17:12:26.703 INFORMACIÓN [main] org.apache.catalina.startup.HostConfig.deployDirectory Desplegando el directorio [C:\apache\tomcat\catalina_bases\tomcat_9_catalina_base_configuration_10\webapps\manager] de la aplicación web
12-Jan-2025 17:12:26.735 INFORMACIÓN [main] org.apache.catalina.startup.HostConfig.deployDirectory Deployment of web application directory [C:\apache\tomcat\catalina_bases\tomcat_9_catalina_base_configuration_10\webapps\manager] has finished in [32] ms
12-Jan-2025 17:12:26.735 INFORMACIÓN [main] org.apache.catalina.startup.HostConfig.deployDirectory Desplegando el directorio [C:\apache\tomcat\catalina_bases\tomcat_9_catalina_base_configuration_10\webapps\ROOT] de la aplicación web
12-Jan-2025 17:12:26.766 INFORMACIÓN [main] org.apache.catalina.startup.HostConfig.deployDirectory Deployment of web application directory [C:\apache\tomcat\catalina_bases\tomcat_9_catalina_base_configuration_10\webapps\ROOT] has finished in [31] ms
12-Jan-2025 17:12:26.766 INFORMACIÓN [main] org.apache.coyote.AbstractProtocol.start Starting ProtocolHandler ["http-nio-8080"]
12-Jan-2025 17:12:26.787 INFORMACIÓN [main] org.apache.catalina.startup.Catalina.start Server startup in [736] milliseconds
